<?xml version="1.0" encoding="UTF-8"?>
<!-- Generated by org.testng.reporters.JUnitXMLReporter -->
<testsuite ignored="0" hostname="WSAMZN-HLBJ87PA" failures="1" tests="5" name="Test" time="26.654" errors="0" timestamp="2022-04-14T13:21:15 SAST">
  <testcase classname="com.Framework.Concentrix.TestCase1" name="LoginTest" time="6.732"/>
  <testcase classname="com.Framework.Concentrix.TestCase1" name="demo1" time="0.01">
    <failure type="java.lang.AssertionError" message="expected [true] but found [Apple]">
      <![CDATA[java.lang.AssertionError: expected [true] but found [Apple]
at com.Framework.Concentrix.TestCase1.demo1(TestCase1.java:69)
at java.base/java.util.ArrayList.forEach(ArrayList.java:1511)
... Removed 32 stack frames]]>
    </failure>
  </testcase> <!-- demo1 -->
  <testcase classname="com.Framework.Concentrix.TestCase1" name="demo2" time="0.005"/>
  <testcase classname="com.Framework.Concentrix.TestCase1" name="demo3" time="0.002"/>
  <testcase classname="com.Framework.Concentrix.TestCase1" name="demo4" time="0.0">
    <skipped/>
  </testcase> <!-- demo4 -->
</testsuite> <!-- Test -->
