<?xml version="1.0" encoding="UTF-8"?>
<testng-results ignored="0" total="1" passed="1" failed="0" skipped="0">
  <reporter-output>
  </reporter-output>
  <suite started-at="2022-03-17T05:40:14 SAST" name="Default suite" finished-at="2022-03-17T05:40:17 SAST" duration-ms="2865">
    <groups>
    </groups>
    <test started-at="2022-03-17T05:40:14 SAST" name="Default test" finished-at="2022-03-17T05:40:17 SAST" duration-ms="2865">
      <class name="com.Framework.masterCard.Test1">
        <test-method signature="Int()[pri:0, instance:com.Framework.masterCard.Test1@e1de817]" started-at="2022-03-17T05:40:15 SAST" name="Int" finished-at="2022-03-17T05:40:17 SAST" duration-ms="2777" status="PASS">
          <reporter-output>
          </reporter-output>
        </test-method> <!-- Int -->
      </class> <!-- com.Framework.masterCard.Test1 -->
    </test> <!-- Default test -->
  </suite> <!-- Default suite -->
</testng-results>
